[debug] [2025-02-28T16:29:16.942Z] ----------------------------------------------------------------------
[debug] [2025-02-28T16:29:16.944Z] Command:       /nix/store/ixbb20farqh1f4fqbmsn6b1ixn8mc8ij-nodejs-20.18.1/bin/node /nix/store/2id8zx3wi2gh8x4pd02cyri43q3i6ll2-firebase-tools-13.29.3/lib/node_modules/firebase-tools/lib/bin/firebase.js init hosting
[debug] [2025-02-28T16:29:16.945Z] CLI Version:   13.29.3
[debug] [2025-02-28T16:29:16.945Z] Platform:      linux
[debug] [2025-02-28T16:29:16.945Z] Node Version:  v20.18.1
[debug] [2025-02-28T16:29:16.945Z] Time:          Fri Feb 28 2025 16:29:16 GMT+0000 (Coordinated Universal Time)
[debug] [2025-02-28T16:29:16.945Z] ----------------------------------------------------------------------
[debug] 
[debug] [2025-02-28T16:29:17.884Z] > command requires scopes: ["email","openid","https://www.googleapis.com/auth/cloudplatformprojects.readonly","https://www.googleapis.com/auth/firebase","https://www.googleapis.com/auth/cloud-platform"]
[debug] [2025-02-28T16:29:17.885Z] > authorizing via signed-in user (ericjnielson2@gmail.com)
[info] 
     ######## #### ########  ######## ########     ###     ######  ########
     ##        ##  ##     ## ##       ##     ##  ##   ##  ##       ##
     ######    ##  ########  ######   ########  #########  ######  ######
     ##        ##  ##    ##  ##       ##     ## ##     ##       ## ##
     ##       #### ##     ## ######## ########  ##     ##  ######  ########

You're about to initialize a Firebase project in this directory:

  /home/user/test2

Before we get started, keep in mind:

  * You are initializing within an existing Firebase project directory

[info] 
=== Project Setup
[info] 
[info] First, let's associate this project directory with a Firebase project.
[info] You can create multiple project aliases by running firebase use --add, 
[info] but for now we'll just set up a default project.
[info] 
[debug] [2025-02-28T16:29:17.893Z] Using project from CLI flag: portfolio
[debug] [2025-02-28T16:29:17.895Z] Checked if tokens are valid: true, expires at: 1740763174978
[debug] [2025-02-28T16:29:17.895Z] Checked if tokens are valid: true, expires at: 1740763174978
[debug] [2025-02-28T16:29:17.898Z] >>> [apiv2][query] GET https://firebase.googleapis.com/v1beta1/projects/portfolio [none]
[debug] [2025-02-28T16:29:18.460Z] <<< [apiv2][status] GET https://firebase.googleapis.com/v1beta1/projects/portfolio 403
[debug] [2025-02-28T16:29:18.461Z] <<< [apiv2][body] GET https://firebase.googleapis.com/v1beta1/projects/portfolio {"error":{"code":403,"message":"The caller does not have permission","status":"PERMISSION_DENIED"}}
[debug] [2025-02-28T16:29:18.464Z] Request to https://firebase.googleapis.com/v1beta1/projects/portfolio had HTTP Error: 403, The caller does not have permission
[debug] [2025-02-28T16:29:18.466Z] FirebaseError: Request to https://firebase.googleapis.com/v1beta1/projects/portfolio had HTTP Error: 403, The caller does not have permission
    at responseToError (/nix/store/2id8zx3wi2gh8x4pd02cyri43q3i6ll2-firebase-tools-13.29.3/lib/node_modules/firebase-tools/lib/responseToError.js:52:12)
    at RetryOperation._fn (/nix/store/2id8zx3wi2gh8x4pd02cyri43q3i6ll2-firebase-tools-13.29.3/lib/node_modules/firebase-tools/lib/apiv2.js:312:77)
    at process.processTicksAndRejections (node:internal/process/task_queues:95:5)
[error] 
[error] Error: Failed to get Firebase project portfolio. Please make sure the project exists and your account has permission to access it.
[debug] [2025-02-28T16:31:44.792Z] ----------------------------------------------------------------------
[debug] [2025-02-28T16:31:44.795Z] Command:       /nix/store/ixbb20farqh1f4fqbmsn6b1ixn8mc8ij-nodejs-20.18.1/bin/node /nix/store/2id8zx3wi2gh8x4pd02cyri43q3i6ll2-firebase-tools-13.29.3/lib/node_modules/firebase-tools/lib/bin/firebase.js deploy --only hosting
[debug] [2025-02-28T16:31:44.796Z] CLI Version:   13.29.3
[debug] [2025-02-28T16:31:44.796Z] Platform:      linux
[debug] [2025-02-28T16:31:44.796Z] Node Version:  v20.18.1
[debug] [2025-02-28T16:31:44.796Z] Time:          Fri Feb 28 2025 16:31:44 GMT+0000 (Coordinated Universal Time)
[debug] [2025-02-28T16:31:44.796Z] ----------------------------------------------------------------------
[debug] 
[debug] [2025-02-28T16:31:45.354Z] > command requires scopes: ["email","openid","https://www.googleapis.com/auth/cloudplatformprojects.readonly","https://www.googleapis.com/auth/firebase","https://www.googleapis.com/auth/cloud-platform"]
[debug] [2025-02-28T16:31:45.355Z] > authorizing via signed-in user (ericjnielson2@gmail.com)
[debug] [2025-02-28T16:31:45.355Z] [iam] checking project portfolio for permissions ["firebase.projects.get","firebasehosting.sites.update"]
[debug] [2025-02-28T16:31:45.357Z] Checked if tokens are valid: true, expires at: 1740763174978
[debug] [2025-02-28T16:31:45.357Z] Checked if tokens are valid: true, expires at: 1740763174978
[debug] [2025-02-28T16:31:45.359Z] >>> [apiv2][query] POST https://cloudresourcemanager.googleapis.com/v1/projects/portfolio:testIamPermissions [none]
[debug] [2025-02-28T16:31:45.359Z] >>> [apiv2][(partial)header] POST https://cloudresourcemanager.googleapis.com/v1/projects/portfolio:testIamPermissions x-goog-quota-user=projects/portfolio
[debug] [2025-02-28T16:31:45.359Z] >>> [apiv2][body] POST https://cloudresourcemanager.googleapis.com/v1/projects/portfolio:testIamPermissions {"permissions":["firebase.projects.get","firebasehosting.sites.update"]}
[debug] [2025-02-28T16:31:45.736Z] <<< [apiv2][status] POST https://cloudresourcemanager.googleapis.com/v1/projects/portfolio:testIamPermissions 200
[debug] [2025-02-28T16:31:45.736Z] <<< [apiv2][body] POST https://cloudresourcemanager.googleapis.com/v1/projects/portfolio:testIamPermissions {}
[debug] [2025-02-28T16:31:45.737Z] [iam] error while checking permissions, command may fail: Authorization failed. This account is missing the following required permissions on project portfolio:

  firebase.projects.get
  firebasehosting.sites.update
[debug] [2025-02-28T16:31:45.738Z] Checked if tokens are valid: true, expires at: 1740763174978
[debug] [2025-02-28T16:31:45.738Z] Checked if tokens are valid: true, expires at: 1740763174978
[debug] [2025-02-28T16:31:45.739Z] >>> [apiv2][query] GET https://firebase.googleapis.com/v1beta1/projects/portfolio [none]
[debug] [2025-02-28T16:31:45.933Z] <<< [apiv2][status] GET https://firebase.googleapis.com/v1beta1/projects/portfolio 403
[debug] [2025-02-28T16:31:45.933Z] <<< [apiv2][body] GET https://firebase.googleapis.com/v1beta1/projects/portfolio {"error":{"code":403,"message":"The caller does not have permission","status":"PERMISSION_DENIED"}}
[debug] [2025-02-28T16:31:45.935Z] Request to https://firebase.googleapis.com/v1beta1/projects/portfolio had HTTP Error: 403, The caller does not have permission
[debug] [2025-02-28T16:31:45.937Z] FirebaseError: Request to https://firebase.googleapis.com/v1beta1/projects/portfolio had HTTP Error: 403, The caller does not have permission
    at responseToError (/nix/store/2id8zx3wi2gh8x4pd02cyri43q3i6ll2-firebase-tools-13.29.3/lib/node_modules/firebase-tools/lib/responseToError.js:52:12)
    at RetryOperation._fn (/nix/store/2id8zx3wi2gh8x4pd02cyri43q3i6ll2-firebase-tools-13.29.3/lib/node_modules/firebase-tools/lib/apiv2.js:312:77)
    at process.processTicksAndRejections (node:internal/process/task_queues:95:5)
[error] 
[error] Error: Failed to get Firebase project portfolio. Please make sure the project exists and your account has permission to access it.
[debug] [2025-03-02T14:32:35.057Z] ----------------------------------------------------------------------
[debug] [2025-03-02T14:32:35.061Z] Command:       /nix/store/ixbb20farqh1f4fqbmsn6b1ixn8mc8ij-nodejs-20.18.1/bin/node /nix/store/2id8zx3wi2gh8x4pd02cyri43q3i6ll2-firebase-tools-13.29.3/lib/node_modules/firebase-tools/lib/bin/firebase.js deploy --only hosting
[debug] [2025-03-02T14:32:35.062Z] CLI Version:   13.29.3
[debug] [2025-03-02T14:32:35.063Z] Platform:      linux
[debug] [2025-03-02T14:32:35.063Z] Node Version:  v20.18.1
[debug] [2025-03-02T14:32:35.063Z] Time:          Sun Mar 02 2025 14:32:35 GMT+0000 (Coordinated Universal Time)
[debug] [2025-03-02T14:32:35.063Z] ----------------------------------------------------------------------
[debug] 
[debug] [2025-03-02T14:32:35.069Z] >>> [apiv2][query] GET https://firebase-public.firebaseio.com/cli.json [none]
[debug] [2025-03-02T14:32:36.173Z] > command requires scopes: ["email","openid","https://www.googleapis.com/auth/cloudplatformprojects.readonly","https://www.googleapis.com/auth/firebase","https://www.googleapis.com/auth/cloud-platform"]
[debug] [2025-03-02T14:32:36.176Z] > authorizing via signed-in user (ericjnielson2@gmail.com)
[debug] [2025-03-02T14:32:36.177Z] [iam] checking project portfolio for permissions ["firebase.projects.get","firebasehosting.sites.update"]
[debug] [2025-03-02T14:32:36.181Z] Checked if tokens are valid: false, expires at: 1740763174978
[debug] [2025-03-02T14:32:36.181Z] Checked if tokens are valid: false, expires at: 1740763174978
[debug] [2025-03-02T14:32:36.183Z] > refreshing access token with scopes: []
[debug] [2025-03-02T14:32:36.185Z] >>> [apiv2][query] POST https://www.googleapis.com/oauth2/v3/token [none]
[debug] [2025-03-02T14:32:36.186Z] >>> [apiv2][body] POST https://www.googleapis.com/oauth2/v3/token [omitted]
[debug] [2025-03-02T14:32:36.333Z] <<< [apiv2][status] GET https://firebase-public.firebaseio.com/cli.json 200
[debug] [2025-03-02T14:32:36.334Z] <<< [apiv2][body] GET https://firebase-public.firebaseio.com/cli.json {"cloudBuildErrorAfter":1594252800000,"cloudBuildWarnAfter":1590019200000,"defaultNode10After":1594252800000,"minVersion":"3.0.5","node8DeploysDisabledAfter":1613390400000,"node8RuntimeDisabledAfter":1615809600000,"node8WarnAfter":1600128000000}
[debug] [2025-03-02T14:32:36.372Z] <<< [apiv2][status] POST https://www.googleapis.com/oauth2/v3/token 200
[debug] [2025-03-02T14:32:36.373Z] <<< [apiv2][body] POST https://www.googleapis.com/oauth2/v3/token [omitted]
[debug] [2025-03-02T14:32:36.393Z] >>> [apiv2][query] POST https://cloudresourcemanager.googleapis.com/v1/projects/portfolio:testIamPermissions [none]
[debug] [2025-03-02T14:32:36.393Z] >>> [apiv2][(partial)header] POST https://cloudresourcemanager.googleapis.com/v1/projects/portfolio:testIamPermissions x-goog-quota-user=projects/portfolio
[debug] [2025-03-02T14:32:36.393Z] >>> [apiv2][body] POST https://cloudresourcemanager.googleapis.com/v1/projects/portfolio:testIamPermissions {"permissions":["firebase.projects.get","firebasehosting.sites.update"]}
[debug] [2025-03-02T14:32:36.757Z] <<< [apiv2][status] POST https://cloudresourcemanager.googleapis.com/v1/projects/portfolio:testIamPermissions 200
[debug] [2025-03-02T14:32:36.759Z] <<< [apiv2][body] POST https://cloudresourcemanager.googleapis.com/v1/projects/portfolio:testIamPermissions {}
[debug] [2025-03-02T14:32:36.760Z] [iam] error while checking permissions, command may fail: Authorization failed. This account is missing the following required permissions on project portfolio:

  firebase.projects.get
  firebasehosting.sites.update
[debug] [2025-03-02T14:32:36.761Z] Checked if tokens are valid: true, expires at: 1740929555373
[debug] [2025-03-02T14:32:36.761Z] Checked if tokens are valid: true, expires at: 1740929555373
[debug] [2025-03-02T14:32:36.763Z] >>> [apiv2][query] GET https://firebase.googleapis.com/v1beta1/projects/portfolio [none]
[debug] [2025-03-02T14:32:37.060Z] <<< [apiv2][status] GET https://firebase.googleapis.com/v1beta1/projects/portfolio 403
[debug] [2025-03-02T14:32:37.061Z] <<< [apiv2][body] GET https://firebase.googleapis.com/v1beta1/projects/portfolio {"error":{"code":403,"message":"The caller does not have permission","status":"PERMISSION_DENIED"}}
[debug] [2025-03-02T14:32:37.064Z] Request to https://firebase.googleapis.com/v1beta1/projects/portfolio had HTTP Error: 403, The caller does not have permission
[debug] [2025-03-02T14:32:37.070Z] FirebaseError: Request to https://firebase.googleapis.com/v1beta1/projects/portfolio had HTTP Error: 403, The caller does not have permission
    at responseToError (/nix/store/2id8zx3wi2gh8x4pd02cyri43q3i6ll2-firebase-tools-13.29.3/lib/node_modules/firebase-tools/lib/responseToError.js:52:12)
    at RetryOperation._fn (/nix/store/2id8zx3wi2gh8x4pd02cyri43q3i6ll2-firebase-tools-13.29.3/lib/node_modules/firebase-tools/lib/apiv2.js:312:77)
    at process.processTicksAndRejections (node:internal/process/task_queues:95:5)
[error] 
[error] Error: Failed to get Firebase project portfolio. Please make sure the project exists and your account has permission to access it.
